<project xmlns="http://maven.apache.org/POM/4.0.0" 
	xmlns:xsi="http://www.w3.org/2001/XMLSchema-instance" 
	xsi:schemaLocation="http://maven.apache.org/POM/4.0.0 http://maven.apache.org/maven-v4_0_0.xsd">
	<modelVersion>4.0.0</modelVersion>
	<groupId>org.patrodyne.jvnet</groupId>
	<artifactId>hisrc-basicjaxb-samples-basic-maven</artifactId>
	<version>1.0</version>
	<packaging>jar</packaging>
	<name>JAXB2 Commons Samples - Basic Maven</name>
	<properties>
		<project.build.sourceEncoding>UTF-8</project.build.sourceEncoding>
		<project.reporting.outputEncoding>UTF-8</project.reporting.outputEncoding>
		<maven.compiler.source>8</maven.compiler.source>
		<maven.compiler.target>8</maven.compiler.target>
	</properties>
	<dependencies>
		<dependency>
			<groupId>org.patrodyne.jvnet</groupId>
			<artifactId>hisrc-basicjaxb</artifactId>
			<version>0.6.0</version>
		</dependency>
		<dependency>
			<groupId>org.patrodyne.jvnet</groupId>
			<artifactId>hisrc-basicjaxb-testing</artifactId>
			<version>0.6.0</version>
			<scope>test</scope>
		</dependency>
	</dependencies>
	<build>
		<defaultGoal>test</defaultGoal>
		<plugins>
			<plugin>
				<groupId>org.patrodyne.jvnet</groupId>
				<artifactId>hisrc-higherjaxb2-maven-plugin</artifactId>
				<executions>
					<execution>
						<goals>
							<goal>generate</goal>
						</goals>
					</execution>
				</executions>
				<configuration>
					<args>
						<arg>-XtoString</arg>
						<arg>-Xequals</arg>
						<arg>-XhashCode</arg>
						<arg>-Xcopyable</arg>
					</args>
					<plugins>
						<plugin>
							<groupId>org.patrodyne.jvnet</groupId>
							<artifactId>hisrc-basicjaxb-basic</artifactId>
							<version>0.6.0</version>
						</plugin>
					</plugins>
				</configuration>
			</plugin>
			<plugin>
				<groupId>org.apache.maven.plugins</groupId>
				<artifactId>maven-compiler-plugin</artifactId>
				<version>3.8.1</version>
			</plugin>
		</plugins>
	</build>
</project>
